\BOOKMARK [1][-]{section.1}{Introduction}{}% 1
\BOOKMARK [1][-]{section.2}{Theory}{}% 2
\BOOKMARK [2][-]{subsection.2.1}{Requirements}{section.2}% 3
\BOOKMARK [2][-]{subsection.2.2}{Basic Theory about a TOF instrument}{section.2}% 4
\BOOKMARK [3][-]{subsubsection.2.2.1}{Ion-source}{subsection.2.2}% 5
\BOOKMARK [1][-]{section.3}{Setup}{}% 6
\BOOKMARK [2][-]{subsection.3.1}{NIM Instrument}{section.3}% 7
\BOOKMARK [3][-]{subsubsection.3.1.1}{Prototype}{subsection.3.1}% 8
\BOOKMARK [3][-]{subsubsection.3.1.2}{Protoflight Model}{subsection.3.1}% 9
\BOOKMARK [2][-]{subsection.3.2}{Test facilities/ Test Tools}{section.3}% 10
\BOOKMARK [1][-]{section.4}{Experiments}{}% 11
\BOOKMARK [2][-]{subsection.4.1}{Reflectron}{section.4}% 12
\BOOKMARK [3][-]{subsubsection.4.1.1}{Measurement Principle}{subsection.4.1}% 13
\BOOKMARK [3][-]{subsubsection.4.1.2}{Discussion}{subsection.4.1}% 14
\BOOKMARK [2][-]{subsection.4.2}{CASYMIR-D/-E}{section.4}% 15
\BOOKMARK [2][-]{subsection.4.3}{Simulations}{section.4}% 16
\BOOKMARK [2][-]{subsection.4.4}{Pulser}{section.4}% 17
\BOOKMARK [2][-]{subsection.4.5}{Detector Tests}{section.4}% 18
\BOOKMARK [2][-]{subsection.4.6}{Ionoptics}{section.4}% 19
\BOOKMARK [1][-]{section.5}{Conclusion}{}% 20
\BOOKMARK [1][-]{section.6}{Outlook}{}% 21
\BOOKMARK [1][-]{section*.6}{References}{}% 22
\BOOKMARK [1][-]{section.7}{Appendix}{}% 23
